2023-03-30 12:35:29,783 INFO Get all admins attempt
2023-03-30 12:37:09,376 ERROR {'non_field_errors': [ErrorDetail(string='Username should be between 8-20 characters', code='invalid')]}
2023-03-30 12:37:18,838 INFO Attempted add admin - admin 1
2023-03-30 12:37:44,597 INFO Get all admins attempt
2023-03-30 12:39:54,775 INFO Get all admins attempt
2023-03-30 12:40:10,758 INFO Attempted remove admin - admin 1
2023-03-30 12:40:15,886 INFO Attempted remove admin - admin 1
2023-03-30 12:40:38,629 INFO Get all admins attempt
2023-04-06 10:07:35,157 INFO Get all admins attempt
2023-04-06 10:09:02,070 INFO Get all admins attempt
2023-04-23 15:15:23,766 INFO Get all admins attempt
2023-04-23 15:15:23,770 INFO Get all admins attempt
2023-04-23 15:16:30,542 INFO Get all admins attempt
2023-04-23 15:16:30,558 INFO Get all admins attempt
2023-04-23 15:18:58,515 INFO Get all admins attempt
2023-04-23 15:19:42,608 INFO Get all admins attempt
2023-04-23 15:19:42,618 INFO Get all admins attempt
2023-04-23 15:19:46,964 INFO Get all admins attempt
2023-04-23 15:19:46,973 INFO Get all admins attempt
2023-04-23 16:16:07,265 INFO Get all admins attempt
2023-04-23 16:16:07,269 INFO Get all admins attempt
2023-04-23 16:17:28,574 INFO Get admin by id attempt
2023-04-23 16:17:31,816 INFO Get admin by id attempt
2023-04-23 16:17:33,770 INFO Get all admins attempt
2023-04-23 16:17:33,771 INFO Get all admins attempt
2023-04-23 16:17:36,997 INFO Get admin by id attempt
2023-04-23 16:17:44,056 INFO Get all admins attempt
2023-04-23 16:17:44,067 INFO Get all admins attempt
2023-04-23 16:17:59,926 INFO Get admin by id attempt
2023-04-23 16:18:03,910 INFO Get admin by id attempt
2023-04-23 16:18:28,979 INFO Get all admins attempt
2023-04-23 16:18:44,306 INFO Get all admins attempt
2023-04-23 16:18:46,279 INFO Get all admins attempt
2023-04-23 16:18:50,117 INFO Get all admins attempt
2023-04-23 16:18:56,053 INFO Get admin by id attempt
2023-04-23 16:20:59,762 INFO Get admin by id attempt
2023-04-23 16:21:06,187 INFO Get all admins attempt
2023-04-23 16:21:06,198 INFO Get all admins attempt
2023-04-23 16:21:09,236 INFO Get all admins attempt
2023-04-23 16:21:09,244 INFO Get all admins attempt
2023-04-23 16:21:12,221 INFO Get admin by id attempt
2023-04-23 16:21:31,839 INFO Get all admins attempt
2023-04-23 16:21:31,850 INFO Get all admins attempt
2023-04-23 16:21:35,186 INFO Get admin by id attempt
2023-04-23 16:21:39,501 INFO Get admin by id attempt
2023-04-23 16:21:41,718 INFO Get admin by id attempt
2023-04-23 16:23:24,208 INFO Get admin by id attempt
2023-04-23 16:23:26,335 INFO Get admin by id attempt
2023-04-23 16:23:28,216 INFO Get admin by id attempt
2023-04-23 16:23:31,367 INFO Get admin by id attempt
2023-04-23 16:24:25,976 INFO Get all admins attempt
2023-04-23 16:24:25,988 INFO Get all admins attempt
2023-04-23 16:24:28,040 INFO Get admin by id attempt
2023-04-23 16:25:35,841 INFO Get all admins attempt
2023-04-23 16:25:35,850 INFO Get all admins attempt
2023-04-23 16:25:38,254 INFO Get all admins attempt
2023-04-23 16:25:38,263 INFO Get all admins attempt
2023-04-23 16:26:51,195 INFO Get all admins attempt
2023-04-23 16:26:51,206 INFO Get all admins attempt
2023-04-23 16:34:25,508 INFO Get all admins attempt
2023-04-23 16:34:25,518 INFO Get all admins attempt
2023-04-23 16:39:43,661 INFO Get all admins attempt
2023-04-23 16:39:43,677 INFO Get all admins attempt
2023-04-23 16:39:43,701 INFO Get all admins attempt
2023-04-23 16:49:43,677 INFO Get all admins attempt
2023-04-23 16:49:43,686 INFO Get all admins attempt
2023-04-23 16:51:05,591 INFO Get admin by id attempt
2023-04-23 16:51:16,774 INFO Get admin by id attempt
2023-04-23 16:52:19,925 INFO Get all admins attempt
2023-04-23 16:52:19,935 INFO Get all admins attempt
2023-04-23 16:53:23,270 INFO Get all admins attempt
2023-04-23 16:53:23,279 INFO Get all admins attempt
2023-04-23 16:53:25,664 INFO Get all admins attempt
2023-04-23 16:53:25,673 INFO Get all admins attempt
2023-04-23 16:53:51,427 INFO Get all admins attempt
2023-04-23 16:53:51,443 INFO Get all admins attempt
2023-04-23 16:55:46,331 INFO Get all admins attempt
2023-04-23 16:55:46,343 INFO Get all admins attempt
2023-04-23 16:56:35,443 INFO Get all admins attempt
2023-04-23 16:56:35,453 INFO Get all admins attempt
2023-04-23 16:57:00,480 INFO Get all admins attempt
2023-04-23 16:57:00,490 INFO Get all admins attempt
2023-04-23 16:58:00,462 INFO Get all admins attempt
2023-04-23 16:58:00,472 INFO Get all admins attempt
2023-04-23 16:59:18,185 INFO Get all admins attempt
2023-04-23 16:59:18,195 INFO Get all admins attempt
2023-04-23 17:02:45,373 INFO Get all admins attempt
2023-04-23 17:02:45,385 INFO Get all admins attempt
2023-04-23 17:09:02,871 INFO Get all admins attempt
2023-04-23 17:09:02,883 INFO Get all admins attempt
2023-04-23 17:12:12,182 INFO Get all admins attempt
2023-04-23 17:12:12,190 INFO Get all admins attempt
2023-04-23 17:15:53,064 INFO Get all admins attempt
2023-04-23 17:15:53,074 INFO Get all admins attempt
2023-04-23 17:16:31,821 INFO Get all admins attempt
2023-04-23 17:16:31,830 INFO Get all admins attempt
2023-04-23 17:16:57,675 INFO Get all admins attempt
2023-04-23 17:16:57,686 INFO Get all admins attempt
2023-04-23 17:18:36,238 INFO Get all admins attempt
2023-04-23 17:18:36,248 INFO Get all admins attempt
2023-04-23 17:18:37,882 INFO Get admin by id attempt
2023-04-23 17:23:49,055 INFO Get all admins attempt
2023-04-23 17:23:49,066 INFO Get all admins attempt
2023-04-23 17:23:50,120 INFO Get all admins attempt
2023-04-23 17:23:50,129 INFO Get all admins attempt
2023-04-23 17:24:18,057 INFO Get all admins attempt
2023-04-23 17:24:18,068 INFO Get all admins attempt
2023-04-23 17:47:31,659 INFO Get all admins attempt
2023-04-23 17:47:31,668 INFO Get all admins attempt
2023-04-23 17:47:33,516 INFO Get admin by id attempt
2023-04-23 17:57:23,772 INFO Get all admins attempt
2023-04-23 17:57:23,781 INFO Get all admins attempt
2023-04-23 18:00:58,958 INFO Get all admins attempt
2023-04-23 18:00:58,970 INFO Get all admins attempt
2023-04-23 18:01:00,818 INFO Get admin by id attempt
2023-04-23 18:07:11,560 INFO Get all admins attempt
2023-04-23 18:07:11,571 INFO Get all admins attempt
2023-04-23 18:10:04,593 INFO Get all admins attempt
2023-04-23 18:10:04,601 INFO Get all admins attempt
2023-04-23 18:13:22,826 INFO Get all admins attempt
2023-04-23 18:13:22,839 INFO Get all admins attempt
2023-04-23 18:15:31,963 INFO Get all admins attempt
2023-04-23 18:15:31,973 INFO Get all admins attempt
2023-04-23 18:15:59,557 INFO Get all admins attempt
2023-04-23 18:15:59,569 INFO Get all admins attempt
2023-04-23 18:17:10,284 INFO Get all admins attempt
2023-04-23 18:17:10,296 INFO Get all admins attempt
2023-04-23 18:18:59,331 INFO Get all admins attempt
2023-04-23 18:18:59,342 INFO Get all admins attempt
2023-04-23 18:19:24,996 INFO Get all admins attempt
2023-04-23 18:19:25,007 INFO Get all admins attempt
2023-04-23 18:19:27,585 INFO Get all admins attempt
2023-04-23 18:19:27,594 INFO Get all admins attempt
2023-04-23 18:19:45,618 INFO Get all admins attempt
2023-04-23 18:19:45,630 INFO Get all admins attempt
2023-04-23 18:19:53,453 INFO Get all admins attempt
2023-04-23 18:19:53,463 INFO Get all admins attempt
2023-04-23 18:20:02,471 INFO Get all admins attempt
2023-04-23 18:20:02,484 INFO Get all admins attempt
2023-04-23 18:25:27,960 INFO Get all admins attempt
2023-04-23 18:25:27,972 INFO Get all admins attempt
2023-04-23 18:33:58,583 INFO Get all admins attempt
2023-04-23 18:33:58,592 INFO Get all admins attempt
2023-04-23 18:34:15,563 INFO Get all admins attempt
2023-04-23 18:34:15,572 INFO Get all admins attempt
2023-04-23 18:36:42,553 INFO Get all admins attempt
2023-04-23 18:36:42,561 INFO Get all admins attempt
2023-04-23 18:37:32,892 INFO Get all admins attempt
2023-04-23 18:37:32,901 INFO Get all admins attempt
2023-04-23 18:38:58,199 INFO Get all admins attempt
2023-04-23 18:38:58,210 INFO Get all admins attempt
2023-04-23 18:40:02,966 INFO Get all admins attempt
2023-04-23 18:40:02,976 INFO Get all admins attempt
2023-04-23 18:40:10,368 INFO Get all admins attempt
2023-04-23 18:40:10,377 INFO Get all admins attempt
2023-04-23 18:40:21,819 INFO Get all admins attempt
2023-04-23 18:40:21,830 INFO Get all admins attempt
2023-04-23 18:40:37,766 INFO Get all admins attempt
2023-04-23 18:40:37,778 INFO Get all admins attempt
2023-04-23 18:42:36,514 INFO Get all admins attempt
2023-04-23 18:42:36,522 INFO Get all admins attempt
2023-04-23 18:42:51,451 INFO Get all admins attempt
2023-04-23 18:42:51,461 INFO Get all admins attempt
2023-04-23 18:46:48,703 INFO Get all admins attempt
2023-04-23 18:46:48,714 INFO Get all admins attempt
2023-04-23 18:46:58,793 INFO Get all admins attempt
2023-04-23 18:46:58,804 INFO Get all admins attempt
2023-04-23 18:48:29,819 INFO Get all admins attempt
2023-04-23 18:48:29,831 INFO Get all admins attempt
2023-04-23 18:50:34,081 INFO Get all admins attempt
2023-04-23 18:50:34,095 INFO Get all admins attempt
2023-04-23 18:53:21,778 INFO Get all admins attempt
2023-04-23 18:53:21,789 INFO Get all admins attempt
2023-04-23 18:53:24,552 INFO Get all admins attempt
2023-04-23 18:53:24,562 INFO Get all admins attempt
2023-04-23 18:53:31,009 INFO Get all admins attempt
2023-04-23 18:53:31,017 INFO Get all admins attempt
2023-04-23 18:53:33,511 INFO Get all admins attempt
2023-04-23 18:53:33,521 INFO Get all admins attempt
2023-04-23 18:53:37,909 INFO Get all admins attempt
2023-04-23 18:53:37,918 INFO Get all admins attempt
2023-04-23 18:54:15,420 INFO Get all admins attempt
2023-04-23 18:54:15,431 INFO Get all admins attempt
2023-04-23 18:54:16,985 INFO Get all admins attempt
2023-04-23 18:54:16,995 INFO Get all admins attempt
2023-04-23 18:54:25,599 INFO Get all admins attempt
2023-04-23 18:54:25,610 INFO Get all admins attempt
2023-04-23 18:57:01,304 INFO Get all admins attempt
2023-04-23 18:57:01,315 INFO Get all admins attempt
2023-04-23 18:57:09,890 INFO Get all admins attempt
2023-04-23 18:57:09,899 INFO Get all admins attempt
2023-04-23 18:57:17,779 INFO Get admin by id attempt
2023-04-23 18:59:05,067 INFO Get admin by id attempt
2023-04-23 18:59:07,558 INFO Get admin by id attempt
2023-04-23 18:59:22,519 INFO Get all admins attempt
2023-04-23 18:59:22,530 INFO Get all admins attempt
2023-04-23 18:59:24,311 INFO Get admin by id attempt
2023-04-23 19:01:42,456 INFO Get all admins attempt
2023-04-23 19:01:42,464 INFO Get all admins attempt
2023-04-23 19:05:26,115 INFO Get all admins attempt
2023-04-23 19:05:26,124 INFO Get all admins attempt
2023-04-23 19:05:27,985 INFO Get admin by id attempt
2023-04-23 19:05:37,216 INFO Get all admins attempt
2023-04-23 19:05:37,225 INFO Get all admins attempt
2023-04-23 19:05:39,675 INFO Get admin by id attempt
2023-04-23 19:06:21,169 INFO Get all admins attempt
2023-04-23 19:06:21,180 INFO Get all admins attempt
2023-04-23 19:06:22,752 INFO Get admin by id attempt
2023-04-23 19:06:50,455 INFO Get all admins attempt
2023-04-23 19:06:50,467 INFO Get all admins attempt
2023-04-23 19:06:52,301 INFO Get admin by id attempt
2023-04-23 19:07:29,558 INFO Get all admins attempt
2023-04-23 19:09:07,185 INFO Get admin by id attempt
2023-04-23 19:10:30,816 INFO Get all admins attempt
2023-04-23 19:10:30,826 INFO Get all admins attempt
2023-04-23 19:10:32,441 INFO Get admin by id attempt
2023-04-23 19:11:15,640 INFO Get all admins attempt
2023-04-23 19:11:15,649 INFO Get all admins attempt
2023-04-23 19:11:18,813 INFO Get admin by id attempt
2023-04-23 19:11:30,480 INFO Get admin by id attempt
2023-04-23 19:11:35,764 INFO Get all admins attempt
2023-04-23 19:11:35,773 INFO Get all admins attempt
2023-04-23 19:12:37,624 INFO Get all admins attempt
2023-04-23 19:12:37,636 INFO Get all admins attempt
2023-04-23 19:15:36,139 INFO Get all admins attempt
2023-04-23 19:15:36,148 INFO Get all admins attempt
2023-04-23 19:15:38,270 INFO Get all admins attempt
2023-04-23 19:15:38,280 INFO Get all admins attempt
2023-04-23 19:17:16,620 INFO Get all admins attempt
2023-04-23 19:17:16,630 INFO Get all admins attempt
2023-04-23 19:18:15,723 INFO Get all admins attempt
2023-04-23 19:18:15,735 INFO Get all admins attempt
2023-04-23 19:19:52,178 INFO Get all admins attempt
2023-04-23 19:19:52,187 INFO Get all admins attempt
2023-04-23 19:19:59,004 INFO Get all admins attempt
2023-04-23 19:19:59,013 INFO Get all admins attempt
2023-04-23 19:20:01,546 INFO Get admin by id attempt
2023-04-23 19:20:26,335 INFO Get all admins attempt
2023-04-23 19:20:26,344 INFO Get all admins attempt
2023-04-23 19:20:34,662 INFO Get all admins attempt
2023-04-23 19:20:34,671 INFO Get all admins attempt
2023-04-23 19:21:03,541 INFO Get all admins attempt
2023-04-23 19:21:03,549 INFO Get all admins attempt
2023-04-23 19:21:54,653 INFO Attempted add admin - admin 1
2023-04-23 19:22:34,063 INFO Get all admins attempt
2023-04-23 19:22:34,073 INFO Get all admins attempt
2023-04-23 19:23:04,923 INFO Get all admins attempt
2023-04-23 19:23:04,935 INFO Get all admins attempt
2023-04-23 19:23:12,032 INFO Get admin by id attempt
2023-04-23 19:24:42,316 INFO Get all admins attempt
2023-04-23 19:24:42,329 INFO Get all admins attempt
2023-04-23 19:24:47,534 INFO Get all admins attempt
2023-04-23 19:24:47,545 INFO Get all admins attempt
2023-04-24 08:00:18,174 INFO Get all admins attempt
2023-04-24 08:00:18,185 INFO Get all admins attempt
2023-04-24 08:46:34,863 INFO Get all admins attempt
2023-04-24 08:46:34,878 INFO Get all admins attempt
2023-04-24 08:46:42,589 INFO Get all admins attempt
2023-04-24 08:46:42,599 INFO Get all admins attempt
2023-04-24 08:48:10,239 INFO Get all admins attempt
2023-04-24 08:48:10,253 INFO Get all admins attempt
2023-04-24 08:52:13,820 INFO Get all admins attempt
2023-04-24 08:52:13,829 INFO Get all admins attempt
2023-04-24 09:12:11,096 INFO Get all admins attempt
2023-04-24 09:12:11,110 INFO Get all admins attempt
2023-04-24 09:41:56,745 INFO Get all admins attempt
2023-04-24 09:41:56,748 INFO Get all admins attempt
2023-04-24 09:41:58,813 INFO Get all admins attempt
2023-04-24 09:41:58,814 INFO Get all admins attempt
2023-04-24 09:54:31,033 INFO Get all admins attempt
2023-04-24 09:54:31,036 INFO Get all admins attempt
2023-04-24 10:10:17,997 INFO Get all admins attempt
2023-04-24 10:10:17,999 INFO Get all admins attempt
2023-04-24 10:49:35,866 INFO Get all admins attempt
2023-04-24 10:49:35,880 INFO Get all admins attempt
2023-04-24 10:49:39,273 INFO Get all admins attempt
2023-04-24 10:49:39,282 INFO Get all admins attempt
2023-04-24 10:49:52,328 INFO Get admin by id attempt
2023-04-24 13:11:51,897 INFO Get all admins attempt
2023-04-24 13:11:51,913 INFO Get all admins attempt
2023-04-24 13:11:53,968 INFO Get admin by id attempt
2023-04-24 13:11:55,315 INFO Attempted remove admin - admin 1
2023-04-24 13:12:08,686 INFO Get all admins attempt
2023-04-24 13:12:08,687 INFO Get all admins attempt
2023-04-24 13:14:55,209 INFO Get admin by id attempt
2023-04-24 13:15:33,426 INFO Attempted remove admin - admin 1
2023-04-24 13:15:38,309 INFO Get all admins attempt
2023-04-24 13:15:38,311 INFO Get all admins attempt
2023-04-24 13:19:27,082 INFO Get all admins attempt
2023-04-24 13:19:38,815 INFO Get all admins attempt
2023-04-24 13:19:38,817 INFO Get all admins attempt
2023-04-24 13:19:49,078 INFO Get all admins attempt
2023-04-24 13:19:54,312 INFO Get all admins attempt
2023-04-24 13:19:54,315 INFO Get all admins attempt
2023-04-24 13:20:20,351 INFO Get all admins attempt
2023-04-24 13:20:20,352 INFO Get all admins attempt
2023-04-24 13:20:24,126 INFO Get all admins attempt
2023-04-24 13:20:24,127 INFO Get all admins attempt
2023-04-24 13:20:26,767 INFO Get all admins attempt
2023-04-24 13:20:26,768 INFO Get all admins attempt
2023-04-24 13:21:14,228 INFO Attempted add admin - admin 1
2023-04-24 13:22:54,343 INFO Get all admins attempt
2023-04-24 13:22:54,345 INFO Get all admins attempt
2023-04-24 13:23:38,117 INFO Attempted add admin - admin 1
2023-04-24 13:24:28,924 INFO Get all admins attempt
2023-04-24 13:24:28,933 INFO Get all admins attempt
2023-04-24 13:24:39,904 INFO Get all admins attempt
2023-04-24 13:24:39,914 INFO Get all admins attempt
2023-04-24 13:26:19,515 INFO Get all admins attempt
2023-04-24 13:26:19,527 INFO Get all admins attempt
2023-04-24 13:26:27,543 INFO Get admin by id attempt
2023-04-24 13:26:30,523 INFO Get admin by id attempt
2023-04-24 13:26:32,154 INFO Get admin by id attempt
2023-04-24 13:26:44,480 INFO Get all admins attempt
2023-04-24 13:26:44,488 INFO Get all admins attempt
2023-04-24 17:10:31,618 INFO Get all admins attempt
2023-04-24 17:10:31,635 INFO Get all admins attempt
2023-04-24 17:14:39,425 INFO Get all admins attempt
2023-04-24 17:14:39,435 INFO Get all admins attempt
2023-04-24 17:14:42,770 INFO Get all admins attempt
2023-04-24 17:14:42,780 INFO Get all admins attempt
2023-04-24 17:15:38,889 INFO Get admin by id attempt
2023-04-24 17:17:23,454 INFO Get all admins attempt
2023-04-24 17:17:23,463 INFO Get all admins attempt
2023-04-24 17:17:43,643 INFO Get all admins attempt
2023-04-24 17:17:43,657 INFO Get all admins attempt
2023-04-24 17:18:56,815 INFO Get admin by id attempt
2023-04-24 17:22:09,352 INFO Get all admins attempt
2023-04-24 17:22:09,366 INFO Get all admins attempt
2023-04-24 17:22:11,893 INFO Get all admins attempt
2023-04-24 17:22:11,902 INFO Get all admins attempt
2023-04-24 17:26:09,505 INFO Get all admins attempt
2023-04-24 17:26:09,514 INFO Get all admins attempt
2023-04-24 17:26:36,255 INFO Get all admins attempt
2023-04-24 17:26:36,267 INFO Get all admins attempt
2023-04-24 17:27:35,507 INFO Get all admins attempt
2023-04-24 17:27:35,517 INFO Get all admins attempt
2023-04-24 17:27:38,803 INFO Get all admins attempt
2023-04-24 17:27:38,814 INFO Get all admins attempt
2023-04-24 17:27:41,383 INFO Get all admins attempt
2023-04-24 17:27:41,393 INFO Get all admins attempt
2023-04-24 17:29:07,139 INFO Get all admins attempt
2023-04-24 17:29:07,151 INFO Get all admins attempt
2023-04-24 17:29:11,145 INFO Get admin by id attempt
2023-04-24 17:29:17,294 INFO Get admin by id attempt
2023-04-24 17:29:37,260 INFO Get all admins attempt
2023-04-24 17:29:37,269 INFO Get all admins attempt
2023-04-25 04:20:08,946 INFO Get all admins attempt
2023-04-25 04:20:08,956 INFO Get all admins attempt
2023-04-25 04:20:17,729 INFO Get all admins attempt
2023-04-25 04:20:17,742 INFO Get all admins attempt
2023-04-25 08:42:54,014 INFO Get all admins attempt
2023-04-25 08:42:54,032 INFO Get all admins attempt
2023-04-25 08:43:46,537 INFO Get all admins attempt
2023-04-25 08:43:46,552 INFO Get all admins attempt
2023-04-25 09:13:08,774 INFO Get all admins attempt
2023-04-25 09:13:08,786 INFO Get all admins attempt
2023-04-25 09:13:10,958 INFO Get all admins attempt
2023-04-25 09:13:10,968 INFO Get all admins attempt
2023-04-25 09:46:44,467 INFO Get all admins attempt
2023-04-25 09:46:44,480 INFO Get all admins attempt
2023-04-25 09:46:46,718 INFO Get all admins attempt
2023-04-25 09:46:46,727 INFO Get all admins attempt
2023-04-25 09:47:44,857 INFO Get all admins attempt
2023-04-25 09:47:44,867 INFO Get all admins attempt
2023-04-25 09:48:13,206 INFO Attempted add admin - admin 1
2023-04-25 09:48:18,912 INFO Get all admins attempt
2023-04-25 09:48:18,921 INFO Get all admins attempt
2023-04-25 09:48:30,011 INFO Get admin by id attempt
2023-04-25 09:49:03,983 INFO Attempted add admin - admin 1
2023-04-25 09:49:12,034 INFO Get all admins attempt
2023-04-25 09:49:12,043 INFO Get all admins attempt
2023-04-25 09:49:26,940 ERROR {'non_field_errors': [ErrorDetail(string='Username should be between 8-20 characters', code='invalid')]}
2023-04-25 09:49:32,178 ERROR {'username': [ErrorDetail(string='A user with that username already exists.', code='unique')]}
2023-04-25 09:49:44,575 ERROR {'non_field_errors': [ErrorDetail(string='Username should be between 8-20 characters', code='invalid')]}
2023-04-25 09:50:20,135 INFO Get all admins attempt
2023-04-25 09:50:20,144 INFO Get all admins attempt
2023-04-25 09:53:30,915 INFO Get all admins attempt
2023-04-25 09:53:30,924 INFO Get all admins attempt
2023-04-25 09:54:00,348 INFO Get all admins attempt
2023-04-25 09:54:00,357 INFO Get all admins attempt
2023-04-25 09:54:04,462 INFO Get all admins attempt
2023-04-25 09:54:04,471 INFO Get all admins attempt
2023-04-25 10:26:56,256 INFO Get all admins attempt
2023-04-25 10:26:56,270 INFO Get all admins attempt
2023-04-25 10:27:57,883 INFO Get admin by id attempt
2023-04-25 10:28:02,443 INFO Get admin by id attempt
2023-04-25 10:28:03,298 INFO Attempted remove admin - admin 1
2023-04-25 10:28:07,078 INFO Get all admins attempt
2023-04-25 10:28:07,088 INFO Get all admins attempt
