2023-03-30 10:44:17,122 INFO get all flights attempt
2023-03-30 10:44:43,547 INFO get flight by id attempt
2023-03-30 10:45:29,367 INFO Get flights by origin country attempt
2023-03-30 10:46:01,349 INFO Get flights by origin country attempt
2023-03-30 10:46:02,895 INFO Get flights by origin country attempt
2023-03-30 10:46:04,142 INFO Get flights by origin country attempt
2023-03-30 10:46:05,181 INFO Get flights by origin country attempt
2023-03-30 10:49:15,186 INFO Get flights by destination country attempt
2023-03-30 10:49:18,010 INFO Get flights by destination country attempt
2023-03-30 10:49:19,217 INFO Get flights by destination country attempt
2023-03-30 10:49:20,444 INFO Get flights by destination country attempt
2023-03-30 10:49:21,681 INFO Get flights by destination country attempt
2023-03-30 10:49:23,131 INFO Get flights by destination country attempt
2023-03-30 10:49:25,126 INFO Get flights by destination country attempt
2023-03-30 10:49:55,347 INFO Attempted get my flights - customer 1
2023-03-30 10:54:07,004 INFO Attempted get my flights - airline 1
2023-03-30 10:54:13,331 ERROR {'non_field_errors': [ErrorDetail(string='Origin and destination countries cannot be the same.', code='invalid')]}
2023-03-30 10:54:19,058 ERROR {'non_field_errors': [ErrorDetail(string='Departure time must be minimum 12 hours from now', code='invalid')]}
2023-03-30 10:54:26,564 ERROR {'non_field_errors': [ErrorDetail(string='300-850 tickets are allowed', code='invalid')]}
2023-03-30 10:54:34,010 INFO Attempted Add flight - airline 1
2023-03-30 10:57:59,604 INFO get all flights attempt
2023-03-30 10:59:06,883 INFO Attempted update flight - airline 1
2023-03-30 10:59:25,157 INFO Attempted update flight - airline 1
2023-03-30 10:59:57,952 INFO Attempted update flight - airline 1
2023-03-30 11:10:06,040 INFO Attempted remove flight - airline 1
2023-03-30 11:10:09,915 INFO Attempted remove flight - airline 1
2023-04-03 10:35:31,226 INFO get all flights attempt
2023-04-03 10:35:31,285 INFO get all flights attempt
2023-04-03 10:36:34,075 INFO get all flights attempt
2023-04-03 10:36:34,128 INFO get all flights attempt
2023-04-03 10:37:59,042 INFO get all flights attempt
2023-04-03 10:38:06,146 INFO get all flights attempt
2023-04-03 10:38:06,201 INFO get all flights attempt
2023-04-03 10:38:42,285 INFO get all flights attempt
2023-04-03 10:38:42,337 INFO get all flights attempt
2023-04-03 10:46:45,602 INFO get all flights attempt
2023-04-03 10:46:45,659 INFO get all flights attempt
2023-04-03 10:49:24,887 INFO get all flights attempt
2023-04-03 10:50:07,587 INFO get all flights attempt
2023-04-03 10:50:07,643 INFO get all flights attempt
2023-04-03 10:50:49,494 INFO get all flights attempt
2023-04-03 10:50:49,541 INFO get all flights attempt
2023-04-03 10:55:57,569 INFO get all flights attempt
2023-04-03 11:00:55,374 INFO get all flights attempt
2023-04-03 11:01:05,512 INFO get all flights attempt
2023-04-03 11:01:05,566 INFO get all flights attempt
2023-04-03 11:02:29,108 INFO get all flights attempt
2023-04-03 11:02:30,891 INFO get all flights attempt
2023-04-03 11:02:34,859 INFO get all flights attempt
2023-04-03 11:03:36,997 INFO get all flights attempt
2023-04-03 11:03:38,275 INFO get all flights attempt
2023-04-03 11:03:40,200 INFO get all flights attempt
2023-04-03 11:03:43,563 INFO get all flights attempt
2023-04-03 11:07:26,328 INFO get all flights attempt
2023-04-03 11:07:26,378 INFO get all flights attempt
2023-04-03 13:02:56,969 INFO get all flights attempt
2023-04-03 13:02:57,022 INFO get all flights attempt
2023-04-03 13:15:53,562 INFO Get flights by airline company attempt
2023-04-03 13:18:55,432 INFO get all flights attempt
2023-04-03 13:18:55,483 INFO get all flights attempt
2023-04-03 13:20:10,542 INFO get all flights attempt
2023-04-03 13:20:10,618 INFO get all flights attempt
2023-04-03 13:31:46,474 INFO Get flights by airline company attempt
2023-04-03 13:31:46,481 INFO Get flights by airline company attempt
2023-04-03 13:31:49,368 INFO Get flights by airline company attempt
2023-04-03 13:31:51,461 INFO Get flights by airline company attempt
2023-04-03 13:38:49,359 INFO Get flights by airline company attempt
2023-04-03 13:38:49,367 INFO Get flights by airline company attempt
2023-04-03 13:38:51,471 INFO Get flights by airline company attempt
2023-04-03 13:38:53,630 INFO Get flights by airline company attempt
2023-04-03 13:38:56,066 INFO Get flights by airline company attempt
2023-04-03 13:41:50,019 INFO get all flights attempt
2023-04-03 13:41:50,085 INFO get all flights attempt
2023-04-03 13:41:57,231 INFO Get flights by airline company attempt
2023-04-03 13:41:57,252 INFO Get flights by airline company attempt
2023-04-03 13:42:14,146 INFO Get flights by airline company attempt
2023-04-03 13:42:16,601 INFO Get flights by airline company attempt
2023-04-03 13:42:18,772 INFO Get flights by airline company attempt
2023-04-03 13:43:17,051 INFO get all flights attempt
2023-04-03 13:43:17,118 INFO get all flights attempt
2023-04-03 14:17:51,231 INFO get all flights attempt
2023-04-03 14:17:51,304 INFO get all flights attempt
2023-04-03 14:17:54,922 INFO Get flights by airline company attempt
2023-04-03 14:17:54,941 INFO Get flights by airline company attempt
2023-04-03 14:21:18,651 INFO Get flights by airline company attempt
2023-04-03 14:21:20,651 INFO Get flights by airline company attempt
2023-04-03 14:21:34,001 INFO Get flights by airline company attempt
2023-04-03 14:21:34,019 INFO Get flights by airline company attempt
2023-04-03 14:22:02,976 INFO Get flights by airline company attempt
2023-04-03 14:22:14,190 INFO Get flights by airline company attempt
2023-04-03 14:22:14,208 INFO Get flights by airline company attempt
2023-04-03 14:22:19,199 INFO Get flights by airline company attempt
2023-04-03 14:22:22,091 INFO Get flights by airline company attempt
2023-04-03 14:22:23,719 INFO Get flights by airline company attempt
2023-04-03 14:22:25,444 INFO Get flights by airline company attempt
2023-04-03 14:22:26,840 INFO Get flights by airline company attempt
2023-04-03 14:22:28,216 INFO Get flights by airline company attempt
2023-04-03 14:26:23,704 INFO Get flights by airline company attempt
2023-04-03 14:26:27,377 INFO Get flights by airline company attempt
2023-04-03 15:01:45,316 INFO Get flights by airline company attempt
2023-04-03 15:01:45,321 INFO Get flights by airline company attempt
2023-04-03 15:01:47,556 INFO Get flights by airline company attempt
2023-04-03 15:46:31,387 INFO Get flights by origin country attempt
2023-04-03 15:46:31,398 INFO Get flights by origin country attempt
2023-04-03 15:46:33,086 INFO Get flights by origin country attempt
2023-04-03 15:46:39,924 INFO Get flights by origin country attempt
2023-04-03 15:48:38,065 INFO Get flights by origin country attempt
2023-04-03 15:48:45,313 INFO Get flights by origin country attempt
2023-04-04 08:27:13,603 INFO Get flights by parameters attempt
2023-04-04 08:28:48,469 INFO Get flights by parameters attempt
2023-04-04 08:28:49,919 INFO Get flights by parameters attempt
2023-04-04 08:28:54,806 INFO Get flights by parameters attempt
2023-04-04 08:30:00,833 INFO Get flights by parameters attempt
2023-04-04 08:30:43,152 INFO Get flights by parameters attempt
2023-04-04 08:33:49,353 INFO get flight by id attempt
2023-04-04 08:36:20,636 INFO Get flights by parameters attempt
2023-04-04 08:36:27,246 INFO Get flights by parameters attempt
2023-04-04 08:36:29,272 INFO Get flights by parameters attempt
2023-04-04 08:36:30,251 INFO Get flights by parameters attempt
2023-04-04 08:36:31,162 INFO Get flights by parameters attempt
2023-04-04 08:36:41,089 INFO Get flights by parameters attempt
2023-04-04 08:37:36,231 INFO Get flights by parameters attempt
2023-04-04 08:37:40,950 INFO Get flights by parameters attempt
2023-04-04 08:37:43,396 INFO Get flights by parameters attempt
2023-04-04 08:38:49,954 INFO Get flights by parameters attempt
2023-04-04 08:38:53,860 INFO Get flights by parameters attempt
2023-04-04 08:39:08,940 INFO Get flights by parameters attempt
2023-04-04 08:39:08,992 INFO Get flights by parameters attempt
2023-04-04 10:40:34,959 INFO Get flights by parameters attempt
2023-04-04 10:40:56,974 INFO Get flights by parameters attempt
2023-04-04 10:42:34,360 INFO Get flights by parameters attempt
2023-04-04 10:42:42,335 INFO Get flights by parameters attempt
2023-04-04 10:42:43,395 INFO Get flights by parameters attempt
2023-04-04 10:42:51,245 INFO Get flights by parameters attempt
2023-04-04 10:42:53,957 INFO Get flights by parameters attempt
2023-04-04 10:44:30,368 INFO Get flights by parameters attempt
2023-04-04 10:44:39,283 INFO Get flights by parameters attempt
2023-04-04 10:45:27,598 INFO Get flights by parameters attempt
2023-04-04 10:45:28,736 INFO Get flights by parameters attempt
2023-04-04 10:45:31,998 INFO Get flights by parameters attempt
2023-04-04 10:52:01,158 INFO Get flights by parameters attempt
2023-04-04 10:52:16,850 INFO Get flights by parameters attempt
2023-04-04 10:52:25,623 INFO Get flights by parameters attempt
2023-04-04 10:53:24,054 INFO Get flights by parameters attempt
2023-04-04 10:53:29,600 INFO Get flights by parameters attempt
2023-04-04 10:53:34,127 INFO Get flights by parameters attempt
2023-04-04 11:06:45,442 INFO Get flights by parameters attempt
