2023-04-27 12:59:46,982 INFO Attempted get my tickets - customer 214
2023-04-27 12:59:46,983 INFO Attempted get my tickets - customer 214
2023-04-27 12:59:56,041 INFO Attempted get my tickets - customer 214
2023-04-27 12:59:56,043 INFO Attempted get my tickets - customer 214
2023-04-27 13:00:26,562 INFO Attempted get my tickets - customer 214
2023-04-27 13:00:26,564 INFO Attempted get my tickets - customer 214
2023-04-27 13:00:28,535 INFO Attempted get my tickets - customer 214
2023-04-27 13:00:28,539 INFO Attempted get my tickets - customer 214
2023-04-27 13:00:36,745 INFO Attempted get my tickets - customer 214
2023-04-27 13:00:36,747 INFO Attempted get my tickets - customer 214
2023-04-27 13:05:10,573 INFO Attempted get my tickets - customer 214
2023-04-27 13:05:10,574 INFO Attempted get my tickets - customer 214
2023-04-28 16:58:51,461 INFO Attempted get my tickets - customer 214
2023-04-28 16:58:51,483 INFO Attempted get my tickets - customer 214
2023-04-28 16:59:04,468 INFO Adding ticket attempt - customer Maxim
2023-04-28 16:59:07,819 INFO Adding ticket attempt - customer Maxim
2023-04-28 16:59:09,007 INFO Adding ticket attempt - customer Maxim
2023-04-28 16:59:10,018 INFO Attempted get my tickets - customer 214
2023-04-28 16:59:10,054 INFO Attempted get my tickets - customer 214
2023-04-28 17:14:25,119 INFO Attempted get my tickets - customer 214
2023-04-28 17:14:25,145 INFO Attempted get my tickets - customer 214
2023-04-28 18:22:39,098 INFO Attempted get my tickets - customer 214
2023-04-28 18:22:39,133 INFO Attempted get my tickets - customer 214
2023-04-28 18:22:51,227 INFO Adding ticket attempt - customer Maxim
2023-04-28 18:22:54,066 INFO Adding ticket attempt - customer Maxim
2023-04-28 18:22:57,980 INFO Adding ticket attempt - customer Maxim
2023-04-28 18:22:59,140 INFO Adding ticket attempt - customer Maxim
2023-04-28 18:23:05,533 INFO Attempted get my tickets - customer 214
2023-04-28 18:23:05,565 INFO Attempted get my tickets - customer 214
2023-04-28 18:23:07,022 INFO Removing ticket attempt - customer Maxim
2023-04-28 18:23:07,042 INFO Attempted get my tickets - customer 214
2023-04-28 18:23:10,143 INFO Removing ticket attempt - customer Maxim
2023-04-28 18:23:10,165 INFO Attempted get my tickets - customer 214
2023-04-28 18:30:56,509 INFO Attempted get my tickets - customer 72
2023-04-28 18:30:56,529 INFO Attempted get my tickets - customer 72
2023-04-28 18:31:22,222 INFO Attempted get my tickets - customer 163
2023-04-28 18:31:22,235 INFO Attempted get my tickets - customer 163
2023-04-28 18:31:44,446 INFO Adding ticket attempt - customer Jeff
2023-04-28 18:31:45,728 INFO Adding ticket attempt - customer Jeff
2023-04-28 18:31:49,683 INFO Adding ticket attempt - customer Jeff
2023-04-28 18:31:51,068 INFO Adding ticket attempt - customer Jeff
2023-04-28 18:31:56,658 INFO Adding ticket attempt - customer Jeff
2023-04-28 18:31:58,218 INFO Adding ticket attempt - customer Jeff
2023-04-28 18:32:02,792 INFO Attempted get my tickets - customer 163
2023-04-28 18:32:02,812 INFO Attempted get my tickets - customer 163
2023-04-28 18:32:10,384 INFO Adding ticket attempt - customer Jeff
2023-04-28 18:32:11,702 INFO Adding ticket attempt - customer Jeff
2023-04-28 18:32:12,940 INFO Adding ticket attempt - customer Jeff
2023-04-28 18:32:13,457 INFO Adding ticket attempt - customer Jeff
2023-04-28 18:32:14,837 INFO Attempted get my tickets - customer 163
2023-04-28 18:32:14,850 INFO Attempted get my tickets - customer 163
2023-04-28 18:32:16,650 INFO Attempted get my tickets - customer 163
2023-04-28 18:32:16,678 INFO Attempted get my tickets - customer 163
2023-04-28 18:32:18,069 INFO Removing ticket attempt - customer Jeff
2023-04-28 18:32:18,091 INFO Attempted get my tickets - customer 163
2023-04-28 18:32:23,758 INFO Attempted get my tickets - customer 163
2023-04-28 18:32:23,786 INFO Attempted get my tickets - customer 163
2023-04-29 17:51:26,814 INFO Adding ticket attempt - customer Maxim
2023-04-29 17:51:34,116 INFO Adding ticket attempt - customer Maxim
2023-04-29 17:51:37,108 INFO Adding ticket attempt - customer Maxim
2023-04-29 17:51:39,859 INFO Attempted get my tickets - customer 214
2023-04-29 17:51:39,898 INFO Attempted get my tickets - customer 214
2023-04-29 17:51:44,133 INFO Removing ticket attempt - customer Maxim
2023-04-29 17:51:44,155 INFO Attempted get my tickets - customer 214
